<?xml version="1.0" encoding="UTF-8"?>
<!-- Generated by org.testng.reporters.JUnitXMLReporter -->
<testsuite hostname="Mds-MacBook-Pro.home" ignored="4" name="Surefire test" tests="5" failures="0" timestamp="17 Sep 2019 06:44:29 GMT" time="0.099" errors="0">
  <testcase name="@BeforeMethod setUp" time="0.082" classname="base.BrowserDriver">
    <failure type="org.openqa.selenium.WebDriverException" message="Cannot find firefox binary in PATH. Make sure firefox is installed. OS appears to be: MAC
Build info: version: &amp;apos;3.14.0&amp;apos;, revision: &amp;apos;aacccce0&amp;apos;, time: &amp;apos;2018-08-02T20:19:58.91Z&amp;apos;
System info: host: &amp;apos;Mds-MacBook-Pro.home&amp;apos;, ip: &amp;apos;fe80:0:0:0:865:2064:5e0b:981f%en0&amp;apos;, os.name: &amp;apos;Mac OS X&amp;apos;, os.arch: &amp;apos;x86_64&amp;apos;, os.version: &amp;apos;10.14.6&amp;apos;, java.version: &amp;apos;1.8.0_212&amp;apos;
Driver info: driver.version: BrowserDriver">
      <![CDATA[org.openqa.selenium.WebDriverException: Cannot find firefox binary in PATH. Make sure firefox is installed. OS appears to be: MAC
Build info: version: '3.14.0', revision: 'aacccce0', time: '2018-08-02T20:19:58.91Z'
System info: host: 'Mds-MacBook-Pro.home', ip: 'fe80:0:0:0:865:2064:5e0b:981f%en0', os.name: 'Mac OS X', os.arch: 'x86_64', os.version: '10.14.6', java.version: '1.8.0_212'
Driver info: driver.version: BrowserDriver
	at org.openqa.selenium.firefox.FirefoxBinary.<init>(FirefoxBinary.java:100)
	at java.util.Optional.orElseGet(Optional.java:267)
	at org.openqa.selenium.firefox.FirefoxOptions.getBinary(FirefoxOptions.java:216)
	at org.openqa.selenium.firefox.FirefoxDriver.toExecutor(FirefoxDriver.java:187)
	at org.openqa.selenium.firefox.FirefoxDriver.<init>(FirefoxDriver.java:147)
	at base.BrowserDriver.getLocalDriver(BrowserDriver.java:172)
	at base.BrowserDriver.setUp(BrowserDriver.java:120)
... Removed 32 stack frames]]>
    </failure>
  </testcase> <!-- @BeforeMethod setUp -->
  <testcase name="@BeforeMethod startExtent" time="0.0" classname="base.BrowserDriver">
    <skipped/>
  </testcase> <!-- @BeforeMethod startExtent -->
  <testcase name="@BeforeMethod Arrivalitem" time="0.0" classname="PageObjectTest.NewArrivalTest">
    <skipped/>
  </testcase> <!-- @BeforeMethod Arrivalitem -->
  <testcase name="@BeforeMethod setUp" time="0.0" classname="base.BrowserDriver">
    <skipped/>
  </testcase> <!-- @BeforeMethod setUp -->
  <testcase name="@BeforeMethod startExtent" time="0.0" classname="base.BrowserDriver">
    <skipped/>
  </testcase> <!-- @BeforeMethod startExtent -->
  <testcase name="@BeforeMethod Anotherther" time="0.0" classname="PageObjectTest.WomanDressTest">
    <skipped/>
  </testcase> <!-- @BeforeMethod Anotherther -->
  <testcase name="@BeforeMethod setUp" time="0.0" classname="base.BrowserDriver">
    <skipped/>
  </testcase> <!-- @BeforeMethod setUp -->
  <testcase name="@BeforeMethod startExtent" time="0.0" classname="base.BrowserDriver">
    <skipped/>
  </testcase> <!-- @BeforeMethod startExtent -->
  <testcase name="@BeforeMethod Anotherther" time="0.0" classname="PageObjectTest.WomanDressTest">
    <skipped/>
  </testcase> <!-- @BeforeMethod Anotherther -->
  <testcase name="@BeforeMethod setUp" time="0.0" classname="base.BrowserDriver">
    <skipped/>
  </testcase> <!-- @BeforeMethod setUp -->
  <testcase name="@BeforeMethod startExtent" time="0.0" classname="base.BrowserDriver">
    <skipped/>
  </testcase> <!-- @BeforeMethod startExtent -->
  <testcase name="@BeforeMethod Element" time="0.0" classname="PageObjectTest.HomePageTest">
    <skipped/>
  </testcase> <!-- @BeforeMethod Element -->
  <testcase name="@BeforeMethod setUp" time="0.0" classname="base.BrowserDriver">
    <skipped/>
  </testcase> <!-- @BeforeMethod setUp -->
  <testcase name="@BeforeMethod startExtent" time="0.0" classname="base.BrowserDriver">
    <skipped/>
  </testcase> <!-- @BeforeMethod startExtent -->
  <testcase name="@BeforeMethod Element" time="0.0" classname="PageObjectTest.HomePageTest">
    <skipped/>
  </testcase> <!-- @BeforeMethod Element -->
  <testcase name="Arrivalsarch" time="0.0" classname="PageObjectTest.NewArrivalTest">
    <skipped/>
  </testcase> <!-- Arrivalsarch -->
  <testcase name="sweatertest" time="0.0" classname="PageObjectTest.WomanDressTest">
    <skipped/>
  </testcase> <!-- sweatertest -->
  <testcase name="womandress" time="0.0" classname="PageObjectTest.WomanDressTest">
    <skipped/>
  </testcase> <!-- womandress -->
  <testcase name="Anoothertest" time="0.0" classname="PageObjectTest.HomePageTest">
    <skipped/>
  </testcase> <!-- Anoothertest -->
  <testcase name="sarchtest" time="0.0" classname="PageObjectTest.HomePageTest">
    <skipped/>
  </testcase> <!-- sarchtest -->
  <testcase name="@AfterSuite generateReport" time="0.0" classname="base.BrowserDriver">
    <ignored/>
  </testcase> <!-- @AfterSuite generateReport -->
  <testcase name="@AfterSuite generateReport" time="0.0" classname="base.BrowserDriver">
    <ignored/>
  </testcase> <!-- @AfterSuite generateReport -->
  <testcase name="@BeforeSuite extentSetup" time="0.0" classname="base.BrowserDriver">
    <ignored/>
  </testcase> <!-- @BeforeSuite extentSetup -->
  <testcase name="@BeforeSuite extentSetup" time="0.0" classname="base.BrowserDriver">
    <ignored/>
  </testcase> <!-- @BeforeSuite extentSetup -->
</testsuite> <!-- Surefire test -->
