<!DOCTYPE html PUBLIC "-//W3C//DTD XHTML 1.1//EN" "http://www.w3.org/TR/xhtml11/DTD/xhtml11.dtd">
<html xmlns="http://www.w3.org/1999/xhtml"><head><title>TestNG Report</title><style type="text/css">table {margin-bottom:10px;border-collapse:collapse;empty-cells:show}th,td {border:1px solid #009;padding:.25em .5em}th {vertical-align:bottom}td {vertical-align:top}table a {font-weight:bold}.stripe td {background-color: #E6EBF9}.num {text-align:right}.passedodd td {background-color: #3F3}.passedeven td {background-color: #0A0}.skippedodd td {background-color: #DDD}.skippedeven td {background-color: #CCC}.failedodd td,.attn {background-color: #F33}.failedeven td,.stripe .attn {background-color: #D00}.stacktrace {white-space:pre;font-family:monospace}.totop {font-size:85%;text-align:center;border-bottom:2px solid #000}</style></head><body><table><tr><th>Test</th><th># Passed</th><th># Skipped</th><th># Failed</th><th>Time (ms)</th><th>Included Groups</th><th>Excluded Groups</th></tr><tr><th colspan="7">Surefire suite</th></tr><tr><td><a href="#t0">Surefire test</a></td><td class="num">0</td><td class="num attn">5</td><td class="num">0</td><td class="num">99</td><td></td><td></td></tr></table><table id='summary'><thead><tr><th>Class</th><th>Method</th><th>Start</th><th>Time (ms)</th></tr></thead><tbody><tr><th colspan="4">Surefire suite</th></tr></tbody><tbody id="t0"><tr><th colspan="4">Surefire test &#8212; failed (configuration methods)</th></tr><tr class="failedeven"><td rowspan="1">PageObjectTest.NewArrivalTest</td><td><a href="#m0">setUp</a></td><td rowspan="1">1568702669575</td><td rowspan="1">82</td></tr><tr><th colspan="4">Surefire test &#8212; skipped (configuration methods)</th></tr><tr class="skippedeven"><td rowspan="6">PageObjectTest.HomePageTest</td><td><a href="#m1">Element</a></td><td rowspan="2">1568702669666</td><td rowspan="2">0</td></tr><tr class="skippedeven"><td><a href="#m2">Element</a></td></tr><tr class="skippedeven"><td><a href="#m3">setUp</a></td><td rowspan="2">1568702669666</td><td rowspan="2">0</td></tr><tr class="skippedeven"><td><a href="#m4">setUp</a></td></tr><tr class="skippedeven"><td><a href="#m5">startExtent</a></td><td rowspan="2">1568702669667</td><td rowspan="2">0</td></tr><tr class="skippedeven"><td><a href="#m6">startExtent</a></td></tr><tr class="skippedodd"><td rowspan="3">PageObjectTest.NewArrivalTest</td><td><a href="#m7">Arrivalitem</a></td><td rowspan="1">1568702669663</td><td rowspan="1">0</td></tr><tr class="skippedodd"><td><a href="#m8">generateReport</a></td><td rowspan="1">1568702669685</td><td rowspan="1">0</td></tr><tr class="skippedodd"><td><a href="#m9">startExtent</a></td><td rowspan="1">1568702669663</td><td rowspan="1">0</td></tr><tr class="skippedeven"><td rowspan="6">PageObjectTest.WomanDressTest</td><td><a href="#m10">Anotherther</a></td><td rowspan="2">1568702669664</td><td rowspan="2">0</td></tr><tr class="skippedeven"><td><a href="#m11">Anotherther</a></td></tr><tr class="skippedeven"><td><a href="#m12">setUp</a></td><td rowspan="2">1568702669665</td><td rowspan="2">0</td></tr><tr class="skippedeven"><td><a href="#m13">setUp</a></td></tr><tr class="skippedeven"><td><a href="#m14">startExtent</a></td><td rowspan="2">1568702669664</td><td rowspan="2">0</td></tr><tr class="skippedeven"><td><a href="#m15">startExtent</a></td></tr><tr><th colspan="4">Surefire test &#8212; skipped</th></tr><tr class="skippedeven"><td rowspan="2">PageObjectTest.HomePageTest</td><td><a href="#m16">Anoothertest</a></td><td rowspan="1">1568702669666</td><td rowspan="1">0</td></tr><tr class="skippedeven"><td><a href="#m17">sarchtest</a></td><td rowspan="1">1568702669667</td><td rowspan="1">0</td></tr><tr class="skippedodd"><td rowspan="1">PageObjectTest.NewArrivalTest</td><td><a href="#m18">Arrivalsarch</a></td><td rowspan="1">1568702669663</td><td rowspan="1">0</td></tr><tr class="skippedeven"><td rowspan="2">PageObjectTest.WomanDressTest</td><td><a href="#m19">sweatertest</a></td><td rowspan="1">1568702669665</td><td rowspan="1">0</td></tr><tr class="skippedeven"><td><a href="#m20">womandress</a></td><td rowspan="1">1568702669665</td><td rowspan="1">0</td></tr></tbody></table><h2>Surefire test</h2><h3 id="m0">PageObjectTest.NewArrivalTest#setUp</h3><table class="result"><tr class="param"><th>Parameter #1</th><th>Parameter #2</th><th>Parameter #3</th><th>Parameter #4</th><th>Parameter #5</th><th>Parameter #6</th><th>Parameter #7</th></tr><tr class="param stripe"><td>false</td><td>false</td><td>windows</td><td>10</td><td>firefox</td><td>34</td><td>https://www.google.com</td></tr><tr><th colspan="7">Exception</th></tr><tr><td colspan="7"><div class="stacktrace">org.openqa.selenium.WebDriverException: Cannot find firefox binary in PATH. Make sure firefox is installed. OS appears to be: MAC
Build info: version: &apos;3.14.0&apos;, revision: &apos;aacccce0&apos;, time: &apos;2018-08-02T20:19:58.91Z&apos;
System info: host: &apos;Mds-MacBook-Pro.home&apos;, ip: &apos;fe80:0:0:0:865:2064:5e0b:981f%en0&apos;, os.name: &apos;Mac OS X&apos;, os.arch: &apos;x86_64&apos;, os.version: &apos;10.14.6&apos;, java.version: &apos;1.8.0_212&apos;
Driver info: driver.version: BrowserDriver
	at org.openqa.selenium.firefox.FirefoxBinary.&lt;init&gt;(FirefoxBinary.java:100)
	at java.util.Optional.orElseGet(Optional.java:267)
	at org.openqa.selenium.firefox.FirefoxOptions.getBinary(FirefoxOptions.java:216)
	at org.openqa.selenium.firefox.FirefoxDriver.toExecutor(FirefoxDriver.java:187)
	at org.openqa.selenium.firefox.FirefoxDriver.&lt;init&gt;(FirefoxDriver.java:147)
	at base.BrowserDriver.getLocalDriver(BrowserDriver.java:172)
	at base.BrowserDriver.setUp(BrowserDriver.java:120)
... Removed 32 stack frames</div></td></tr></table><p class="totop"><a href="#summary">back to summary</a></p><h3 id="m1">PageObjectTest.HomePageTest#Element</h3><table class="result"></table><p class="totop"><a href="#summary">back to summary</a></p><h3 id="m2">PageObjectTest.HomePageTest#Element</h3><table class="result"></table><p class="totop"><a href="#summary">back to summary</a></p><h3 id="m3">PageObjectTest.HomePageTest#setUp</h3><table class="result"></table><p class="totop"><a href="#summary">back to summary</a></p><h3 id="m4">PageObjectTest.HomePageTest#setUp</h3><table class="result"></table><p class="totop"><a href="#summary">back to summary</a></p><h3 id="m5">PageObjectTest.HomePageTest#startExtent</h3><table class="result"></table><p class="totop"><a href="#summary">back to summary</a></p><h3 id="m6">PageObjectTest.HomePageTest#startExtent</h3><table class="result"></table><p class="totop"><a href="#summary">back to summary</a></p><h3 id="m7">PageObjectTest.NewArrivalTest#Arrivalitem</h3><table class="result"></table><p class="totop"><a href="#summary">back to summary</a></p><h3 id="m8">PageObjectTest.NewArrivalTest#generateReport</h3><table class="result"></table><p class="totop"><a href="#summary">back to summary</a></p><h3 id="m9">PageObjectTest.NewArrivalTest#startExtent</h3><table class="result"></table><p class="totop"><a href="#summary">back to summary</a></p><h3 id="m10">PageObjectTest.WomanDressTest#Anotherther</h3><table class="result"></table><p class="totop"><a href="#summary">back to summary</a></p><h3 id="m11">PageObjectTest.WomanDressTest#Anotherther</h3><table class="result"></table><p class="totop"><a href="#summary">back to summary</a></p><h3 id="m12">PageObjectTest.WomanDressTest#setUp</h3><table class="result"></table><p class="totop"><a href="#summary">back to summary</a></p><h3 id="m13">PageObjectTest.WomanDressTest#setUp</h3><table class="result"></table><p class="totop"><a href="#summary">back to summary</a></p><h3 id="m14">PageObjectTest.WomanDressTest#startExtent</h3><table class="result"></table><p class="totop"><a href="#summary">back to summary</a></p><h3 id="m15">PageObjectTest.WomanDressTest#startExtent</h3><table class="result"></table><p class="totop"><a href="#summary">back to summary</a></p><h3 id="m16">PageObjectTest.HomePageTest#Anoothertest</h3><table class="result"><tr><th>Exception</th></tr><tr><td><div class="stacktrace">org.openqa.selenium.WebDriverException: Cannot find firefox binary in PATH. Make sure firefox is installed. OS appears to be: MAC
Build info: version: &apos;3.14.0&apos;, revision: &apos;aacccce0&apos;, time: &apos;2018-08-02T20:19:58.91Z&apos;
System info: host: &apos;Mds-MacBook-Pro.home&apos;, ip: &apos;fe80:0:0:0:865:2064:5e0b:981f%en0&apos;, os.name: &apos;Mac OS X&apos;, os.arch: &apos;x86_64&apos;, os.version: &apos;10.14.6&apos;, java.version: &apos;1.8.0_212&apos;
Driver info: driver.version: BrowserDriver
	at org.openqa.selenium.firefox.FirefoxBinary.&lt;init&gt;(FirefoxBinary.java:100)
	at java.util.Optional.orElseGet(Optional.java:267)
	at org.openqa.selenium.firefox.FirefoxOptions.getBinary(FirefoxOptions.java:216)
	at org.openqa.selenium.firefox.FirefoxDriver.toExecutor(FirefoxDriver.java:187)
	at org.openqa.selenium.firefox.FirefoxDriver.&lt;init&gt;(FirefoxDriver.java:147)
	at base.BrowserDriver.getLocalDriver(BrowserDriver.java:172)
	at base.BrowserDriver.setUp(BrowserDriver.java:120)
... Removed 32 stack frames</div></td></tr></table><p class="totop"><a href="#summary">back to summary</a></p><h3 id="m17">PageObjectTest.HomePageTest#sarchtest</h3><table class="result"><tr><th>Exception</th></tr><tr><td><div class="stacktrace">org.openqa.selenium.WebDriverException: Cannot find firefox binary in PATH. Make sure firefox is installed. OS appears to be: MAC
Build info: version: &apos;3.14.0&apos;, revision: &apos;aacccce0&apos;, time: &apos;2018-08-02T20:19:58.91Z&apos;
System info: host: &apos;Mds-MacBook-Pro.home&apos;, ip: &apos;fe80:0:0:0:865:2064:5e0b:981f%en0&apos;, os.name: &apos;Mac OS X&apos;, os.arch: &apos;x86_64&apos;, os.version: &apos;10.14.6&apos;, java.version: &apos;1.8.0_212&apos;
Driver info: driver.version: BrowserDriver
	at org.openqa.selenium.firefox.FirefoxBinary.&lt;init&gt;(FirefoxBinary.java:100)
	at java.util.Optional.orElseGet(Optional.java:267)
	at org.openqa.selenium.firefox.FirefoxOptions.getBinary(FirefoxOptions.java:216)
	at org.openqa.selenium.firefox.FirefoxDriver.toExecutor(FirefoxDriver.java:187)
	at org.openqa.selenium.firefox.FirefoxDriver.&lt;init&gt;(FirefoxDriver.java:147)
	at base.BrowserDriver.getLocalDriver(BrowserDriver.java:172)
	at base.BrowserDriver.setUp(BrowserDriver.java:120)
... Removed 32 stack frames</div></td></tr></table><p class="totop"><a href="#summary">back to summary</a></p><h3 id="m18">PageObjectTest.NewArrivalTest#Arrivalsarch</h3><table class="result"><tr><th>Exception</th></tr><tr><td><div class="stacktrace">org.openqa.selenium.WebDriverException: Cannot find firefox binary in PATH. Make sure firefox is installed. OS appears to be: MAC
Build info: version: &apos;3.14.0&apos;, revision: &apos;aacccce0&apos;, time: &apos;2018-08-02T20:19:58.91Z&apos;
System info: host: &apos;Mds-MacBook-Pro.home&apos;, ip: &apos;fe80:0:0:0:865:2064:5e0b:981f%en0&apos;, os.name: &apos;Mac OS X&apos;, os.arch: &apos;x86_64&apos;, os.version: &apos;10.14.6&apos;, java.version: &apos;1.8.0_212&apos;
Driver info: driver.version: BrowserDriver
	at org.openqa.selenium.firefox.FirefoxBinary.&lt;init&gt;(FirefoxBinary.java:100)
	at java.util.Optional.orElseGet(Optional.java:267)
	at org.openqa.selenium.firefox.FirefoxOptions.getBinary(FirefoxOptions.java:216)
	at org.openqa.selenium.firefox.FirefoxDriver.toExecutor(FirefoxDriver.java:187)
	at org.openqa.selenium.firefox.FirefoxDriver.&lt;init&gt;(FirefoxDriver.java:147)
	at base.BrowserDriver.getLocalDriver(BrowserDriver.java:172)
	at base.BrowserDriver.setUp(BrowserDriver.java:120)
... Removed 32 stack frames</div></td></tr></table><p class="totop"><a href="#summary">back to summary</a></p><h3 id="m19">PageObjectTest.WomanDressTest#sweatertest</h3><table class="result"><tr><th>Exception</th></tr><tr><td><div class="stacktrace">org.openqa.selenium.WebDriverException: Cannot find firefox binary in PATH. Make sure firefox is installed. OS appears to be: MAC
Build info: version: &apos;3.14.0&apos;, revision: &apos;aacccce0&apos;, time: &apos;2018-08-02T20:19:58.91Z&apos;
System info: host: &apos;Mds-MacBook-Pro.home&apos;, ip: &apos;fe80:0:0:0:865:2064:5e0b:981f%en0&apos;, os.name: &apos;Mac OS X&apos;, os.arch: &apos;x86_64&apos;, os.version: &apos;10.14.6&apos;, java.version: &apos;1.8.0_212&apos;
Driver info: driver.version: BrowserDriver
	at org.openqa.selenium.firefox.FirefoxBinary.&lt;init&gt;(FirefoxBinary.java:100)
	at java.util.Optional.orElseGet(Optional.java:267)
	at org.openqa.selenium.firefox.FirefoxOptions.getBinary(FirefoxOptions.java:216)
	at org.openqa.selenium.firefox.FirefoxDriver.toExecutor(FirefoxDriver.java:187)
	at org.openqa.selenium.firefox.FirefoxDriver.&lt;init&gt;(FirefoxDriver.java:147)
	at base.BrowserDriver.getLocalDriver(BrowserDriver.java:172)
	at base.BrowserDriver.setUp(BrowserDriver.java:120)
... Removed 32 stack frames</div></td></tr></table><p class="totop"><a href="#summary">back to summary</a></p><h3 id="m20">PageObjectTest.WomanDressTest#womandress</h3><table class="result"><tr><th>Exception</th></tr><tr><td><div class="stacktrace">org.openqa.selenium.WebDriverException: Cannot find firefox binary in PATH. Make sure firefox is installed. OS appears to be: MAC
Build info: version: &apos;3.14.0&apos;, revision: &apos;aacccce0&apos;, time: &apos;2018-08-02T20:19:58.91Z&apos;
System info: host: &apos;Mds-MacBook-Pro.home&apos;, ip: &apos;fe80:0:0:0:865:2064:5e0b:981f%en0&apos;, os.name: &apos;Mac OS X&apos;, os.arch: &apos;x86_64&apos;, os.version: &apos;10.14.6&apos;, java.version: &apos;1.8.0_212&apos;
Driver info: driver.version: BrowserDriver
	at org.openqa.selenium.firefox.FirefoxBinary.&lt;init&gt;(FirefoxBinary.java:100)
	at java.util.Optional.orElseGet(Optional.java:267)
	at org.openqa.selenium.firefox.FirefoxOptions.getBinary(FirefoxOptions.java:216)
	at org.openqa.selenium.firefox.FirefoxDriver.toExecutor(FirefoxDriver.java:187)
	at org.openqa.selenium.firefox.FirefoxDriver.&lt;init&gt;(FirefoxDriver.java:147)
	at base.BrowserDriver.getLocalDriver(BrowserDriver.java:172)
	at base.BrowserDriver.setUp(BrowserDriver.java:120)
... Removed 32 stack frames</div></td></tr></table><p class="totop"><a href="#summary">back to summary</a></p></body></html>